0 info it worked if it ends with ok
1 verbose cli [ 'node',
1 verbose cli   '/usr/bin/npm',
1 verbose cli   'install',
1 verbose cli   '--save',
1 verbose cli   '@npm/enterprise-configurator' ]
2 info using npm@2.13.4
3 info using node@v0.10.40
4 verbose node symlink /usr/bin/node
5 verbose install initial load of /home/julian/code/npme-auth-p3/package.json
6 verbose readDependencies loading dependencies from /home/julian/code/npme-auth-p3/package.json
7 silly cache add args [ '@npm/enterprise-configurator', null ]
8 verbose cache add spec @npm/enterprise-configurator
9 silly cache add parsed spec { raw: '@npm/enterprise-configurator',
9 silly cache add   scope: '@npm',
9 silly cache add   name: '@npm/enterprise-configurator',
9 silly cache add   rawSpec: '',
9 silly cache add   spec: '*',
9 silly cache add   type: 'range' }
10 silly addNamed @npm/enterprise-configurator@*
11 verbose addNamed "*" is a valid semver range for @npm/enterprise-configurator
12 silly addNameRange { name: '@npm/enterprise-configurator',
12 silly addNameRange   range: '*',
12 silly addNameRange   hasData: false }
13 silly mapToRegistry name @npm/enterprise-configurator
14 silly mapToRegistry scope (from package name) @npm
15 verbose mapToRegistry no registry URL found in name for scope @npm
16 silly mapToRegistry using default registry
17 silly mapToRegistry registry https://registry.npmjs.org/
18 silly mapToRegistry uri https://registry.npmjs.org/@npm%2fenterprise-configurator
19 verbose addNameRange registry:https://registry.npmjs.org/@npm%2fenterprise-configurator not in flight; fetching
20 verbose request uri https://registry.npmjs.org/@npm%2fenterprise-configurator
21 verbose request no auth needed
22 info attempt registry request try #1 at 15:58:49
23 verbose request using bearer token for auth
24 verbose request id 90c2305c8ed202f7
25 http request GET https://registry.npmjs.org/@npm%2fenterprise-configurator
26 http 404 https://registry.npmjs.org/@npm%2fenterprise-configurator
27 verbose headers { 'content-type': 'application/json',
27 verbose headers   'cache-control': 'max-age=0',
27 verbose headers   'content-length': '21',
27 verbose headers   'accept-ranges': 'bytes',
27 verbose headers   date: 'Tue, 25 Aug 2015 19:59:22 GMT',
27 verbose headers   via: '1.1 varnish',
27 verbose headers   connection: 'keep-alive',
27 verbose headers   'x-served-by': 'cache-jfk1035-JFK',
27 verbose headers   'x-cache': 'MISS',
27 verbose headers   'x-cache-hits': '0',
27 verbose headers   'x-timer': 'S1440532762.571896,VS0,VE107' }
28 silly get cb [ 404,
28 silly get   { 'content-type': 'application/json',
28 silly get     'cache-control': 'max-age=0',
28 silly get     'content-length': '21',
28 silly get     'accept-ranges': 'bytes',
28 silly get     date: 'Tue, 25 Aug 2015 19:59:22 GMT',
28 silly get     via: '1.1 varnish',
28 silly get     connection: 'keep-alive',
28 silly get     'x-served-by': 'cache-jfk1035-JFK',
28 silly get     'x-cache': 'MISS',
28 silly get     'x-cache-hits': '0',
28 silly get     'x-timer': 'S1440532762.571896,VS0,VE107' } ]
29 verbose stack Error: Not found : @npm/enterprise-configurator
29 verbose stack     at CachingRegistryClient.<anonymous> (/usr/lib/node_modules/npm/node_modules/npm-registry-client/lib/request.js:249:14)
29 verbose stack     at Request._callback (/usr/lib/node_modules/npm/node_modules/npm-registry-client/lib/request.js:170:14)
29 verbose stack     at Request.self.callback (/usr/lib/node_modules/npm/node_modules/request/request.js:198:22)
29 verbose stack     at Request.emit (events.js:98:17)
29 verbose stack     at Request.<anonymous> (/usr/lib/node_modules/npm/node_modules/request/request.js:1057:14)
29 verbose stack     at Request.emit (events.js:117:20)
29 verbose stack     at IncomingMessage.<anonymous> (/usr/lib/node_modules/npm/node_modules/request/request.js:1003:12)
29 verbose stack     at IncomingMessage.emit (events.js:117:20)
29 verbose stack     at _stream_readable.js:944:16
29 verbose stack     at process._tickCallback (node.js:448:13)
30 verbose statusCode 404
31 verbose pkgid @npm/enterprise-configurator
32 verbose cwd /home/julian/code/npme-auth-p3
33 error Linux 3.16.0-45-generic
34 error argv "node" "/usr/bin/npm" "install" "--save" "@npm/enterprise-configurator"
35 error node v0.10.40
36 error npm  v2.13.4
37 error code E404
38 error 404 Not found : @npm/enterprise-configurator
38 error 404
38 error 404 '@npm/enterprise-configurator' is not in the npm registry.
38 error 404 You should bug the author to publish it (or use the name yourself!)
38 error 404 It was specified as a dependency of 'npme-auth-p3'
38 error 404
38 error 404 Note that you can also install from a
38 error 404 tarball, folder, http url, or git url.
39 verbose exit [ 1, true ]
